[INFO] Scanning for projects...
[INFO]                                                                         
[INFO] ------------------------------------------------------------------------
[INFO] Building tracker 1.0
[INFO] ------------------------------------------------------------------------
[INFO] 
[INFO] --- maven-clean-plugin:2.5:clean (default-clean) @ tracker ---
[INFO] Deleting C:\projects\Tracker\target
[INFO] 
[INFO] --- maven-resources-plugin:2.6:resources (default-resources) @ tracker ---
[INFO] Using 'UTF-8' encoding to copy filtered resources.
[INFO] skip non existing resourceDirectory C:\projects\Tracker\src\main\resources
[INFO] 
[INFO] --- maven-compiler-plugin:3.1:compile (default-compile) @ tracker ---
[INFO] Changes detected - recompiling the module!
[INFO] Compiling 2 source files to C:\projects\Tracker\target\classes
[INFO] 
[INFO] --- maven-resources-plugin:2.6:testResources (default-testResources) @ tracker ---
[INFO] Using 'UTF-8' encoding to copy filtered resources.
[INFO] skip non existing resourceDirectory C:\projects\Tracker\src\test\resources
[INFO] 
[INFO] --- maven-compiler-plugin:3.1:testCompile (default-testCompile) @ tracker ---
[INFO] Changes detected - recompiling the module!
[INFO] Compiling 1 source file to C:\projects\Tracker\target\test-classes
[INFO] -------------------------------------------------------------
[ERROR] COMPILATION ERROR : 
[INFO] -------------------------------------------------------------
[ERROR] /C:/projects/Tracker/src/test/java/ru/job4j/start/TrackerTest.java:[28,10] cannot find symbol
  symbol:   class Before
  location: class ru.job4j.start.TrackerTest
[INFO] 1 error
[INFO] -------------------------------------------------------------
[INFO] ------------------------------------------------------------------------
[INFO] BUILD FAILURE
[INFO] ------------------------------------------------------------------------
[INFO] Total time: 1.761 s
[INFO] Finished at: 2016-12-15T13:17:33+05:00
[INFO] Final Memory: 14M/118M
[INFO] ------------------------------------------------------------------------
[ERROR] Failed to execute goal org.apache.maven.plugins:maven-compiler-plugin:3.1:testCompile (default-testCompile) on project tracker: Compilation failure
[ERROR] /C:/projects/Tracker/src/test/java/ru/job4j/start/TrackerTest.java:[28,10] cannot find symbol
[ERROR] symbol:   class Before
[ERROR] location: class ru.job4j.start.TrackerTest
[ERROR] -> [Help 1]
[ERROR] 
[ERROR] To see the full stack trace of the errors, re-run Maven with the -e switch.
[ERROR] Re-run Maven using the -X switch to enable full debug logging.
[ERROR] 
[ERROR] For more information about the errors and possible solutions, please read the following articles:
[ERROR] [Help 1] http://cwiki.apache.org/confluence/display/MAVEN/MojoFailureException
